<?xml version="1.0" encoding="UTF-8"?>
<testng-results ignored="0" total="2" passed="2" failed="0" skipped="0">
  <reporter-output>
  </reporter-output>
  <suite started-at="2023-06-24T10:08:11 EEST" name="Default suite" finished-at="2023-06-24T10:08:30 EEST" duration-ms="18964">
    <groups>
    </groups>
    <test started-at="2023-06-24T10:08:11 EEST" name="Default test" finished-at="2023-06-24T10:08:30 EEST" duration-ms="18964">
      <class name="TestScenario.TestCases">
        <test-method is-config="true" signature="beforeTest()[pri:0, instance:TestScenario.TestCases@1517f633]" started-at="2023-06-24T10:08:11 EEST" name="beforeTest" finished-at="2023-06-24T10:08:13 EEST" duration-ms="1953" status="PASS">
          <reporter-output>
          </reporter-output>
        </test-method> <!-- beforeTest -->
        <test-method signature="A_test()[pri:0, instance:TestScenario.TestCases@1517f633]" started-at="2023-06-24T10:08:13 EEST" name="A_test" finished-at="2023-06-24T10:08:24 EEST" duration-ms="11537" status="PASS">
          <reporter-output>
          </reporter-output>
        </test-method> <!-- A_test -->
        <test-method signature="B_tetst()[pri:0, instance:TestScenario.TestCases@1517f633]" started-at="2023-06-24T10:08:24 EEST" name="B_tetst" finished-at="2023-06-24T10:08:30 EEST" duration-ms="5211" status="PASS">
          <reporter-output>
          </reporter-output>
        </test-method> <!-- B_tetst -->
        <test-method is-config="true" signature="afterTest()[pri:0, instance:TestScenario.TestCases@1517f633]" started-at="2023-06-24T10:08:30 EEST" name="afterTest" finished-at="2023-06-24T10:08:30 EEST" duration-ms="233" status="PASS">
          <reporter-output>
          </reporter-output>
        </test-method> <!-- afterTest -->
      </class> <!-- TestScenario.TestCases -->
    </test> <!-- Default test -->
  </suite> <!-- Default suite -->
</testng-results>
